#
# There is insufficient memory for the Java Runtime Environment to continue.
# Native memory allocation (malloc) failed to allocate 33554440 bytes for Chunk::new
# Possible reasons:
#   The system is out of physical RAM or swap space
#   In 32 bit mode, the process size limit was hit
# Possible solutions:
#   Reduce memory load on the system
#   Increase physical memory or swap space
#   Check if swap backing store is full
#   Use 64 bit Java on a 64 bit OS
#   Decrease Java heap size (-Xmx/-Xms)
#   Decrease number of Java threads
#   Decrease Java thread stack sizes (-Xss)
#   Set larger code cache with -XX:ReservedCodeCacheSize=
# This output file may be truncated or incomplete.
#
#  Out of Memory Error (allocation.cpp:390), pid=4540, tid=4588
#
# JRE version: Java(TM) SE Runtime Environment (8.0_91-b15) (build 1.8.0_91-b15)
# Java VM: Java HotSpot(TM) Server VM (25.91-b15 mixed mode windows-x86 )
# Failed to write core dump. Minidumps are not enabled by default on client versions of Windows
#

---------------  T H R E A D  ---------------

Current thread (0x3ffa3800):  JavaThread "C2 CompilerThread1" daemon [_thread_in_native, id=4588, stack(0x41830000,0x41a30000)]

Stack: [0x41830000,0x41a30000],  sp=0x41a2e328,  free space=2040k
Native frames: (J=compiled Java code, j=interpreted, Vv=VM code, C=native code)
V  [jvm.dll+0x1bf27b]
V  [jvm.dll+0x1b7b58]
V  [jvm.dll+0x975d1]
V  [jvm.dll+0x97ad7]
V  [jvm.dll+0x39e3fb]
V  [jvm.dll+0x39eb1b]
V  [jvm.dll+0x366644]
V  [jvm.dll+0x36d745]
V  [jvm.dll+0x3728d6]
V  [jvm.dll+0x372ab5]
V  [jvm.dll+0x372a5c]
V  [jvm.dll+0x362d51]
V  [jvm.dll+0x31d515]
V  [jvm.dll+0x3229ee]
V  [jvm.dll+0x32336e]
V  [jvm.dll+0x30cd46]
V  [jvm.dll+0x7a6ba]
V  [jvm.dll+0x7ae6f]
V  [jvm.dll+0x19313c]
V  [jvm.dll+0x19322a]
V  [jvm.dll+0x1d79e6]
C  [MSVCR100.dll+0x10fac]
C  [MSVCR100.dll+0x110b1]
C  [KERNEL32.DLL+0x1495d]
C  [ntdll.dll+0x498ee]
C  [ntdll.dll+0x498c4]
C  0x00000000


Current CompileTask:
C2: 655715 26007       4       nu.validator.htmlparser.impl.TreeBuilder::startTag (6926 bytes)


---------------  P R O C E S S  ---------------

Java Threads: ( => current thread )
  0x428ee000 JavaThread "Inactive RequestProcessor thread [Was:org.netbeans.modules.project.ui.actions.ActiveConfigAction/org.netbeans.modules.project.ui.actions.ActiveConfigAction$14]" daemon [_thread_blocked, id=3592, stack(0x75900000,0x75b00000)]
  0x428ec800 JavaThread "Inactive RequestProcessor thread [Was:Project UI/org.netbeans.modules.project.ui.ProjectsRootNode$BadgingNode]" daemon [_thread_blocked, id=2636, stack(0x75180000,0x75380000)]
  0x428ebc00 JavaThread "Inactive RequestProcessor thread [Was:PaletteSwitch/org.netbeans.spi.palette.PaletteSwitch$1]" daemon [_thread_blocked, id=4756, stack(0x74510000,0x74710000)]
  0x48277800 JavaThread "Inactive RequestProcessor thread [Was:org.netbeans.spi.project.ui.support.NodeFactorySupport/org.netbeans.spi.project.ui.support.NodeFactorySupport$DelegateChildren$2]" daemon [_thread_blocked, id=4356, stack(0x73c30000,0x73e30000)]
  0x48277400 JavaThread "Inactive RequestProcessor thread [Was:Logging Flush/org.netbeans.core.startup.logging.DispatchingHandler]" daemon [_thread_blocked, id=3772, stack(0x73a30000,0x73c30000)]
  0x4827a400 JavaThread "Inactive RequestProcessor thread [Was:parsing-event-collector/org.netbeans.modules.parsing.implspi.SourceControl$1]" daemon [_thread_blocked, id=6100, stack(0x72f90000,0x73190000)]
  0x4827a000 JavaThread "Inactive RequestProcessor thread [Was:org.netbeans.modules.project.ui.actions.LookupSensitiveAction/org.netbeans.modules.project.ui.actions.MainProjectAction$2]" daemon [_thread_blocked, id=3220, stack(0x56620000,0x56820000)]
  0x44711c00 JavaThread "Inactive RequestProcessor thread [Was:Data System Nodes/org.openide.loaders.DataNode$NamesUpdater]" daemon [_thread_blocked, id=4028, stack(0x51120000,0x51320000)]
  0x44711400 JavaThread "Inactive RequestProcessor thread [Was:Default RequestProcessor/org.netbeans.modules.xml.xam.AbstractModelFactory$1]" daemon [_thread_blocked, id=5228, stack(0x50620000,0x50820000)]
  0x44714800 JavaThread "Inactive RequestProcessor thread [Was:Logging Flush/org.netbeans.core.startup.logging.DispatchingHandler]" daemon [_thread_blocked, id=1048, stack(0x50420000,0x50620000)]
  0x44714c00 JavaThread "Inactive RequestProcessor thread [Was:OpenIDE-request-processor-5/org.netbeans.modules.css.indexing.CssIndexer$1]" daemon [_thread_blocked, id=6112, stack(0x4a920000,0x4ab20000)]
  0x428e9c00 JavaThread "Inactive RequestProcessor thread [Was:org.netbeans.modules.project.ui.problems.BrokenProjectAnnotator.load/org.netbeans.modules.project.ui.problems.BrokenProjectAnnotator$2]" daemon [_thread_blocked, id=3368, stack(0x43270000,0x43470000)]
  0x4827cc00 JavaThread "GlassFish Status Tasks" daemon [_thread_blocked, id=4776, stack(0x4e600000,0x4e800000)]
  0x4827c400 JavaThread "GlassFish Status Tasks" daemon [_thread_blocked, id=3380, stack(0x52050000,0x52250000)]
  0x48278c00 JavaThread "GlassFish Status Tasks" daemon [_thread_blocked, id=6620, stack(0x50c20000,0x50e20000)]
  0x423afc00 JavaThread "TimerQueue" daemon [_thread_blocked, id=3648, stack(0x4ea00000,0x4ec00000)]
  0x423ad800 JavaThread "AWT-EventQueue-0" [_thread_blocked, id=6524, stack(0x4e400000,0x4e600000)]
  0x46858000 JavaThread "AWT-Shutdown" [_thread_blocked, id=4128, stack(0x4e200000,0x4e400000)]
  0x423ad000 JavaThread "Worker-JM" [_thread_blocked, id=4688, stack(0x4ca20000,0x4cc20000)]
  0x423af800 JavaThread "Deadlock Detector" [_thread_blocked, id=6952, stack(0x4dc10000,0x4de10000)]
  0x423b0400 JavaThread "Thread-4" daemon [_thread_blocked, id=3564, stack(0x4e000000,0x4e200000)]
  0x423adc00 JavaThread "W32 File Monitor" daemon [_thread_in_native, id=760, stack(0x4da10000,0x4dc10000)]
  0x423ae400 JavaThread "File Watcher" daemon [_thread_blocked, id=6700, stack(0x4c2b0000,0x4c4b0000)]
  0x423a8c00 JavaThread "Editor Parsing Loop (201609300101)" daemon [_thread_blocked, id=3584, stack(0x4abc0000,0x4adc0000)]
  0x423ac000 JavaThread "Bundle File Closer" daemon [_thread_blocked, id=5944, stack(0x4a360000,0x4a560000)]
  0x423ab800 JavaThread "Framework Event Dispatcher" daemon [_thread_blocked, id=5404, stack(0x4a160000,0x4a360000)]
  0x46857400 JavaThread "Framework Active Thread" [_thread_blocked, id=5752, stack(0x44210000,0x44410000)]
  0x46857c00 JavaThread "org.netbeans.modules.debugger.jpda.visual AWT Access Loop" daemon [_thread_blocked, id=5564, stack(0x469b0000,0x46bb0000)]
  0x42860400 JavaThread "AWT-Windows" daemon [_thread_in_native, id=6024, stack(0x44010000,0x44210000)]
  0x4284b400 JavaThread "Java2D Disposer" daemon [_thread_blocked, id=1156, stack(0x43a90000,0x43c90000)]
  0x42843000 JavaThread "RequestProcessor queue manager" daemon [_thread_blocked, id=7140, stack(0x43730000,0x43930000)]
  0x4259c000 JavaThread "CLI Requests Server" daemon [_thread_in_native, id=6276, stack(0x42f70000,0x43170000)]
  0x423e1c00 JavaThread "Active Reference Queue Daemon" daemon [_thread_blocked, id=4948, stack(0x42d30000,0x42f30000)]
  0x3ffc1c00 JavaThread "Service Thread" daemon [_thread_blocked, id=2884, stack(0x41cb0000,0x41eb0000)]
  0x3ffa5400 JavaThread "C1 CompilerThread2" daemon [_thread_blocked, id=556, stack(0x41a70000,0x41c70000)]
=>0x3ffa3800 JavaThread "C2 CompilerThread1" daemon [_thread_in_native, id=4588, stack(0x41830000,0x41a30000)]
  0x3ffa0400 JavaThread "C2 CompilerThread0" daemon [_thread_blocked, id=5604, stack(0x415f0000,0x417f0000)]
  0x3ff91800 JavaThread "JDWP Command Reader" daemon [_thread_in_native, id=5256, stack(0x413b0000,0x415b0000)]
  0x3ff90400 JavaThread "JDWP Event Helper Thread" daemon [_thread_blocked, id=5664, stack(0x41170000,0x41370000)]
  0x3ff85c00 JavaThread "JDWP Transport Listener: dt_socket" daemon [_thread_blocked, id=6600, stack(0x40f30000,0x41130000)]
  0x3ff8b000 JavaThread "Attach Listener" daemon [_thread_blocked, id=6576, stack(0x40cf0000,0x40ef0000)]
  0x3ff8a400 JavaThread "Signal Dispatcher" daemon [_thread_blocked, id=3200, stack(0x40ab0000,0x40cb0000)]
  0x3ff6b000 JavaThread "Finalizer" daemon [_thread_blocked, id=5812, stack(0x404f0000,0x406f0000)]
  0x3ff55c00 JavaThread "Reference Handler" daemon [_thread_blocked, id=6212, stack(0x402b0000,0x404b0000)]
  0x00610400 JavaThread "main" [_thread_blocked, id=5400, stack(0x00090000,0x00290000)]

Other Threads:
  0x0070d000 VMThread [stack: 0x40070000,0x40270000] [id=6420]
  0x3ffc2c00 WatcherThread [stack: 0x41ef0000,0x420f0000] [id=4564]

VM state:not at safepoint (normal execution)

VM Mutex/Monitor currently owned by a thread: None

Heap:
 PSYoungGen      total 184064K, used 120266K [0x2eac0000, 0x3cf80000, 0x3d400000)
  eden space 135424K, 85% used [0x2eac0000,0x35b85f20,0x36f00000)
  from space 48640K, 9% used [0x36f00000,0x373ac9e8,0x39e80000)
  to   space 47104K, 0% used [0x3a180000,0x3a180000,0x3cf80000)
 ParOldGen       total 299776K, used 191933K [0x11800000, 0x23cc0000, 0x2eac0000)
  object space 299776K, 64% used [0x11800000,0x1d36f458,0x23cc0000)
 Metaspace       used 89004K, capacity 95776K, committed 95872K, reserved 96640K

Card table byte_map: [0x11620000,0x11780000] byte_map_base: 0x11594000

Marking Bits: (ParMarkBitMap*) 0x71f4b3d0
 Begin Bits: [0x3dd30000, 0x3e820000)
 End Bits:   [0x3e820000, 0x3f310000)

Polling page: 0x00430000

CodeCache: size=245760Kb used=83686Kb max_used=83719Kb free=162073Kb
 bounds [0x02260000, 0x07488000, 0x11260000]
 total_blobs=23142 nmethods=22809 adapters=247
 compilation: enabled

Compilation events (10 events):
Event: 625.295 Thread 0x3ffa5400 nmethod 30305 0x0743eb88 code [0x0743ec80, 0x0743ed20]
Event: 625.302 Thread 0x3ffa0400 nmethod 30235 0x07472bc8 code [0x07472dc0, 0x07474258]
Event: 625.302 Thread 0x3ffa0400 30304       4       org.apache.lucene.util.SorterTemplate::quickSort (185 bytes)
Event: 625.503 Thread 0x3ffa0400 nmethod 30304 0x0747c6c8 code [0x0747ca00, 0x07482068]
Event: 625.503 Thread 0x3ffa0400 30207       4       com.sun.tools.javac.tree.JCTree$JCLiteral::getKind (8 bytes)
Event: 625.505 Thread 0x3ffa0400 nmethod 30207 0x0742e488 code [0x0742e5a0, 0x0742e6d0]
Event: 636.512 Thread 0x3ffa5400 30307       3       java.io.FileDescriptor::valid (25 bytes)
Event: 636.513 Thread 0x3ffa5400 nmethod 30307 0x0743e888 code [0x0743e9a0, 0x0743eb00]
Event: 642.513 Thread 0x3ffa5400 30308       3       java.net.InetAddress::cacheInitIfNeeded (76 bytes)
Event: 642.516 Thread 0x3ffa5400 nmethod 30308 0x0743bac8 code [0x0743bc60, 0x0743c4b0]

GC Heap History (10 events):
Event: 319.592 GC heap before
{Heap before GC invocations=79 (full 6):
 PSYoungGen      total 184832K, used 135020K [0x2eac0000, 0x3d400000, 0x3d400000)
  eden space 130304K, 100% used [0x2eac0000,0x36a00000,0x36a00000)
  from space 54528K, 8% used [0x39ec0000,0x3a35b140,0x3d400000)
  to   space 54016K, 0% used [0x36a00000,0x36a00000,0x39ec0000)
 ParOldGen       total 299776K, used 190145K [0x11800000, 0x23cc0000, 0x2eac0000)
  object space 299776K, 63% used [0x11800000,0x1d1b05e8,0x23cc0000)
 Metaspace       used 88223K, capacity 94801K, committed 94848K, reserved 95616K
Event: 319.628 GC heap after
Heap after GC invocations=79 (full 6):
 PSYoungGen      total 134656K, used 4328K [0x2eac0000, 0x3d200000, 0x3d400000)
  eden space 130304K, 0% used [0x2eac0000,0x2eac0000,0x36a00000)
  from space 4352K, 99% used [0x36a00000,0x36e3a2d0,0x36e40000)
  to   space 53248K, 0% used [0x39e00000,0x39e00000,0x3d200000)
 ParOldGen       total 299776K, used 190479K [0x11800000, 0x23cc0000, 0x2eac0000)
  object space 299776K, 63% used [0x11800000,0x1d203e08,0x23cc0000)
 Metaspace       used 88223K, capacity 94801K, committed 94848K, reserved 95616K
}
Event: 342.519 GC heap before
{Heap before GC invocations=80 (full 6):
 PSYoungGen      total 134656K, used 134632K [0x2eac0000, 0x3d200000, 0x3d400000)
  eden space 130304K, 100% used [0x2eac0000,0x36a00000,0x36a00000)
  from space 4352K, 99% used [0x36a00000,0x36e3a2d0,0x36e40000)
  to   space 53248K, 0% used [0x39e00000,0x39e00000,0x3d200000)
 ParOldGen       total 299776K, used 190479K [0x11800000, 0x23cc0000, 0x2eac0000)
  object space 299776K, 63% used [0x11800000,0x1d203e08,0x23cc0000)
 Metaspace       used 88493K, capacity 95126K, committed 95232K, reserved 95616K
Event: 342.575 GC heap after
Heap after GC invocations=80 (full 6):
 PSYoungGen      total 185088K, used 6501K [0x2eac0000, 0x3d400000, 0x3d400000)
  eden space 131840K, 0% used [0x2eac0000,0x2eac0000,0x36b80000)
  from space 53248K, 12% used [0x39e00000,0x3a459538,0x3d200000)
  to   space 51712K, 0% used [0x36b80000,0x36b80000,0x39e00000)
 ParOldGen       total 299776K, used 191933K [0x11800000, 0x23cc0000, 0x2eac0000)
  object space 299776K, 64% used [0x11800000,0x1d36f458,0x23cc0000)
 Metaspace       used 88493K, capacity 95126K, committed 95232K, reserved 95616K
}
Event: 551.143 GC heap before
{Heap before GC invocations=81 (full 6):
 PSYoungGen      total 185088K, used 138341K [0x2eac0000, 0x3d400000, 0x3d400000)
  eden space 131840K, 100% used [0x2eac0000,0x36b80000,0x36b80000)
  from space 53248K, 12% used [0x39e00000,0x3a459538,0x3d200000)
  to   space 51712K, 0% used [0x36b80000,0x36b80000,0x39e00000)
 ParOldGen       total 299776K, used 191933K [0x11800000, 0x23cc0000, 0x2eac0000)
  object space 299776K, 64% used [0x11800000,0x1d36f458,0x23cc0000)
 Metaspace       used 88637K, capacity 95350K, committed 95488K, reserved 95616K
Event: 551.216 GC heap after
Heap after GC invocations=81 (full 6):
 PSYoungGen      total 183552K, used 6674K [0x2eac0000, 0x3cf80000, 0x3d400000)
  eden space 131840K, 0% used [0x2eac0000,0x2eac0000,0x36b80000)
  from space 51712K, 12% used [0x36b80000,0x37204850,0x39e00000)
  to   space 50176K, 0% used [0x39e80000,0x39e80000,0x3cf80000)
 ParOldGen       total 299776K, used 191933K [0x11800000, 0x23cc0000, 0x2eac0000)
  object space 299776K, 64% used [0x11800000,0x1d36f458,0x23cc0000)
 Metaspace       used 88637K, capacity 95350K, committed 95488K, reserved 95616K
}
Event: 614.618 GC heap before
{Heap before GC invocations=82 (full 6):
 PSYoungGen      total 183552K, used 138514K [0x2eac0000, 0x3cf80000, 0x3d400000)
  eden space 131840K, 100% used [0x2eac0000,0x36b80000,0x36b80000)
  from space 51712K, 12% used [0x36b80000,0x37204850,0x39e00000)
  to   space 50176K, 0% used [0x39e80000,0x39e80000,0x3cf80000)
 ParOldGen       total 299776K, used 191933K [0x11800000, 0x23cc0000, 0x2eac0000)
  object space 299776K, 64% used [0x11800000,0x1d36f458,0x23cc0000)
 Metaspace       used 88735K, capacity 95421K, committed 95488K, reserved 95616K
Event: 614.648 GC heap after
Heap after GC invocations=82 (full 6):
 PSYoungGen      total 185600K, used 4274K [0x2eac0000, 0x3cf80000, 0x3d400000)
  eden space 135424K, 0% used [0x2eac0000,0x2eac0000,0x36f00000)
  from space 50176K, 8% used [0x39e80000,0x3a2acab8,0x3cf80000)
  to   space 48640K, 0% used [0x36f00000,0x36f00000,0x39e80000)
 ParOldGen       total 299776K, used 191933K [0x11800000, 0x23cc0000, 0x2eac0000)
  object space 299776K, 64% used [0x11800000,0x1d36f458,0x23cc0000)
 Metaspace       used 88735K, capacity 95421K, committed 95488K, reserved 95616K
}
Event: 619.054 GC heap before
{Heap before GC invocations=83 (full 6):
 PSYoungGen      total 185600K, used 139698K [0x2eac0000, 0x3cf80000, 0x3d400000)
  eden space 135424K, 100% used [0x2eac0000,0x36f00000,0x36f00000)
  from space 50176K, 8% used [0x39e80000,0x3a2acab8,0x3cf80000)
  to   space 48640K, 0% used [0x36f00000,0x36f00000,0x39e80000)
 ParOldGen       total 299776K, used 191933K [0x11800000, 0x23cc0000, 0x2eac0000)
  object space 299776K, 64% used [0x11800000,0x1d36f458,0x23cc0000)
 Metaspace       used 88873K, capacity 95584K, committed 95616K, reserved 95616K
Event: 619.069 GC heap after
Heap after GC invocations=83 (full 6):
 PSYoungGen      total 184064K, used 4786K [0x2eac0000, 0x3cf80000, 0x3d400000)
  eden space 135424K, 0% used [0x2eac0000,0x2eac0000,0x36f00000)
  from space 48640K, 9% used [0x36f00000,0x373ac9e8,0x39e80000)
  to   space 47104K, 0% used [0x3a180000,0x3a180000,0x3cf80000)
 ParOldGen       total 299776K, used 191933K [0x11800000, 0x23cc0000, 0x2eac0000)
  object space 299776K, 64% used [0x11800000,0x1d36f458,0x23cc0000)
 Metaspace       used 88873K, capacity 95584K, committed 95616K, reserved 95616K
}

Deoptimization events (10 events):
Event: 617.889 Thread 0x44711400 Uncommon trap: reason=unstable_if action=reinterpret pc=0x0665663c method=sun.nio.cs.SingleByte$Decoder.decodeLoop(Ljava/nio/ByteBuffer;Ljava/nio/CharBuffer;)Ljava/nio/charset/CoderResult; @ 4
Event: 621.058 Thread 0x44711400 Uncommon trap: reason=array_check action=maybe_recompile pc=0x072dd938 method=com.sun.tools.javac.util.List.toArray([Ljava/lang/Object;)[Ljava/lang/Object; @ 27
Event: 621.058 Thread 0x44711400 Uncommon trap: reason=array_check action=maybe_recompile pc=0x072dd938 method=com.sun.tools.javac.util.List.toArray([Ljava/lang/Object;)[Ljava/lang/Object; @ 27
Event: 621.058 Thread 0x44711400 Uncommon trap: reason=array_check action=maybe_recompile pc=0x072dd938 method=com.sun.tools.javac.util.List.toArray([Ljava/lang/Object;)[Ljava/lang/Object; @ 27
Event: 621.066 Thread 0x44711400 Uncommon trap: reason=array_check action=maybe_recompile pc=0x072dd938 method=com.sun.tools.javac.util.List.toArray([Ljava/lang/Object;)[Ljava/lang/Object; @ 27
Event: 621.515 Thread 0x44711400 Uncommon trap: reason=class_check action=maybe_recompile pc=0x04b77864 method=java.util.stream.AbstractPipeline.wrapAndCopyInto(Ljava/util/stream/Sink;Ljava/util/Spliterator;)Ljava/util/stream/Sink; @ 6
Event: 621.515 Thread 0x44711400 Uncommon trap: reason=class_check action=maybe_recompile pc=0x04b77864 method=java.util.stream.AbstractPipeline.wrapAndCopyInto(Ljava/util/stream/Sink;Ljava/util/Spliterator;)Ljava/util/stream/Sink; @ 6
Event: 621.530 Thread 0x44711400 Uncommon trap: reason=class_check action=maybe_recompile pc=0x04b77864 method=java.util.stream.AbstractPipeline.wrapAndCopyInto(Ljava/util/stream/Sink;Ljava/util/Spliterator;)Ljava/util/stream/Sink; @ 6
Event: 621.530 Thread 0x44711400 Uncommon trap: reason=class_check action=maybe_recompile pc=0x04b77864 method=java.util.stream.AbstractPipeline.wrapAndCopyInto(Ljava/util/stream/Sink;Ljava/util/Spliterator;)Ljava/util/stream/Sink; @ 6
Event: 623.809 Thread 0x42843000 Uncommon trap: reason=unstable_if action=reinterpret pc=0x03170cd4 method=org.openide.util.RequestProcessor.enqueue(Lorg/openide/util/RequestProcessor$Item;)V @ 24

Internal exceptions (10 events):
Event: 624.308 Thread 0x44711400 Exception <a 'sun/nio/fs/WindowsException'> (0x343255f8) thrown at [C:\re\workspace\8-2-build-windows-i586-cygwin\jdk8u91\7017\hotspot\src\share\vm\prims\jni.cpp, line 709]
Event: 624.308 Thread 0x44711400 Exception <a 'sun/nio/fs/WindowsException'> (0x34327c20) thrown at [C:\re\workspace\8-2-build-windows-i586-cygwin\jdk8u91\7017\hotspot\src\share\vm\prims\jni.cpp, line 709]
Event: 625.302 Thread 0x44711400 Exception <a 'sun/nio/fs/WindowsException'> (0x356fa028) thrown at [C:\re\workspace\8-2-build-windows-i586-cygwin\jdk8u91\7017\hotspot\src\share\vm\prims\jni.cpp, line 709]
Event: 625.302 Thread 0x44711400 Exception <a 'sun/nio/fs/WindowsException'> (0x356feac0) thrown at [C:\re\workspace\8-2-build-windows-i586-cygwin\jdk8u91\7017\hotspot\src\share\vm\prims\jni.cpp, line 709]
Event: 625.405 Thread 0x44711400 Exception <a 'sun/nio/fs/WindowsException'> (0x35745ee0) thrown at [C:\re\workspace\8-2-build-windows-i586-cygwin\jdk8u91\7017\hotspot\src\share\vm\prims\jni.cpp, line 709]
Event: 625.405 Thread 0x44711400 Exception <a 'sun/nio/fs/WindowsException'> (0x3574a978) thrown at [C:\re\workspace\8-2-build-windows-i586-cygwin\jdk8u91\7017\hotspot\src\share\vm\prims\jni.cpp, line 709]
Event: 629.516 Thread 0x4827c400 Exception <a 'java/net/ConnectException': Connection refused: connect> (0x359e3710) thrown at [C:\re\workspace\8-2-build-windows-i586-cygwin\jdk8u91\7017\hotspot\src\share\vm\prims\jni.cpp, line 735]
Event: 636.512 Thread 0x4827c400 Exception <a 'java/net/ConnectException': Connection refused: connect> (0x35a11260) thrown at [C:\re\workspace\8-2-build-windows-i586-cygwin\jdk8u91\7017\hotspot\src\share\vm\prims\jni.cpp, line 735]
Event: 643.519 Thread 0x4827c400 Exception <a 'java/net/ConnectException': Connection refused: connect> (0x35a68440) thrown at [C:\re\workspace\8-2-build-windows-i586-cygwin\jdk8u91\7017\hotspot\src\share\vm\prims\jni.cpp, line 735]
Event: 650.530 Thread 0x4827c400 Exception <a 'java/net/ConnectException': Connection refused: connect> (0x35abc4e8) thrown at [C:\re\workspace\8-2-build-windows-i586-cygwin\jdk8u91\7017\hotspot\src\share\vm\prims\jni.cpp, line 735]

Events (10 events):
Event: 645.809 Executing VM operation: FindDeadlocks
Event: 645.810 Executing VM operation: FindDeadlocks done
Event: 647.810 Executing VM operation: FindDeadlocks
Event: 647.810 Executing VM operation: FindDeadlocks done
Event: 649.810 Executing VM operation: FindDeadlocks
Event: 649.810 Executing VM operation: FindDeadlocks done
Event: 651.811 Executing VM operation: FindDeadlocks
Event: 651.811 Executing VM operation: FindDeadlocks done
Event: 653.811 Executing VM operation: FindDeadlocks
Event: 653.811 Executing VM operation: FindDeadlocks done


Dynamic libraries:
0x00400000 - 0x0042f000 	C:\Program Files (x86)\NetBeans 8.2\platform\lib\nbexec.exe
0x775e0000 - 0x77748000 	C:\Windows\SYSTEM32\ntdll.dll
0x757c0000 - 0x75900000 	C:\Windows\SYSTEM32\KERNEL32.DLL
0x75f90000 - 0x7605f000 	C:\Windows\SYSTEM32\KERNELBASE.dll
0x76060000 - 0x760d7000 	C:\Windows\SYSTEM32\ADVAPI32.DLL
0x75700000 - 0x757be000 	C:\Windows\SYSTEM32\msvcrt.dll
0x753e0000 - 0x75530000 	C:\Windows\SYSTEM32\USER32.dll
0x77440000 - 0x7747e000 	C:\Windows\SYSTEM32\sechost.dll
0x75e60000 - 0x75f11000 	C:\Windows\SYSTEM32\RPCRT4.dll
0x755f0000 - 0x756f8000 	C:\Windows\SYSTEM32\GDI32.dll
0x75010000 - 0x7502d000 	C:\Windows\SYSTEM32\SspiCli.dll
0x75000000 - 0x75009000 	C:\Windows\SYSTEM32\CRYPTBASE.dll
0x74fa0000 - 0x74ff1000 	C:\Windows\SYSTEM32\bcryptPrimitives.dll
0x75530000 - 0x75555000 	C:\Windows\system32\IMM32.DLL
0x75d60000 - 0x75e57000 	C:\Windows\SYSTEM32\MSCTF.dll
0x74ac0000 - 0x74b25000 	C:\Program Files (x86)\NetBeans 8.2\platform\lib\nbexec.dll
0x719a0000 - 0x71fbe000 	C:\Program Files (x86)\Java\jdk1.8.0_91\jre\bin\server\jvm.dll
0x74ab0000 - 0x74ab8000 	C:\Windows\SYSTEM32\WSOCK32.dll
0x74a90000 - 0x74ab0000 	C:\Windows\SYSTEM32\WINMM.dll
0x74ed0000 - 0x74ed8000 	C:\Windows\SYSTEM32\VERSION.dll
0x773e0000 - 0x773e6000 	C:\Windows\SYSTEM32\PSAPI.DLL
0x749d0000 - 0x74a8d000 	C:\Program Files (x86)\Java\jdk1.8.0_91\jre\bin\MSVCR100.dll
0x77480000 - 0x774cd000 	C:\Windows\SYSTEM32\WS2_32.dll
0x749b0000 - 0x749d0000 	C:\Windows\SYSTEM32\WINMMBASE.dll
0x753d0000 - 0x753d7000 	C:\Windows\SYSTEM32\NSI.dll
0x77290000 - 0x772ca000 	C:\Windows\SYSTEM32\cfgmgr32.dll
0x74c70000 - 0x74c8f000 	C:\Windows\SYSTEM32\DEVOBJ.dll
0x74950000 - 0x74981000 	C:\Program Files (x86)\Java\jdk1.8.0_91\jre\bin\splashscreen.dll
0x74200000 - 0x742dc000 	C:\Windows\system32\uxtheme.dll
0x75030000 - 0x7517e000 	C:\Windows\SYSTEM32\combase.dll
0x74940000 - 0x7494c000 	C:\Program Files (x86)\Java\jdk1.8.0_91\jre\bin\verify.dll
0x74910000 - 0x74931000 	C:\Program Files (x86)\Java\jdk1.8.0_91\jre\bin\java.dll
0x71970000 - 0x71999000 	C:\Program Files (x86)\Java\jdk1.8.0_91\jre\bin\jdwp.dll
0x71960000 - 0x71967000 	C:\Program Files (x86)\Java\jdk1.8.0_91\jre\bin\npt.dll
0x744f0000 - 0x74503000 	C:\Program Files (x86)\Java\jdk1.8.0_91\jre\bin\zip.dll
0x772d0000 - 0x773db000 	C:\Windows\system32\ole32.dll
0x74ee0000 - 0x74ee9000 	C:\Windows\SYSTEM32\kernel.appcore.dll
0x760e0000 - 0x77284000 	C:\Windows\SYSTEM32\SHELL32.dll
0x773f0000 - 0x77431000 	C:\Windows\SYSTEM32\SHLWAPI.dll
0x74df0000 - 0x74e67000 	C:\Windows\SYSTEM32\SHCORE.dll
0x74e80000 - 0x74e8e000 	C:\Windows\SYSTEM32\profapi.dll
0x71950000 - 0x71958000 	C:\Program Files (x86)\Java\jdk1.8.0_91\jre\bin\dt_socket.dll
0x74bd0000 - 0x74c15000 	C:\Windows\system32\mswsock.dll
0x744d0000 - 0x744e6000 	C:\Program Files (x86)\Java\jdk1.8.0_91\jre\bin\net.dll
0x74900000 - 0x7490f000 	C:\Program Files (x86)\Java\jdk1.8.0_91\jre\bin\nio.dll
0x74e90000 - 0x74eae000 	C:\Windows\SYSTEM32\IPHLPAPI.DLL
0x74e70000 - 0x74e78000 	C:\Windows\SYSTEM32\WINNSI.DLL
0x73f70000 - 0x73f82000 	C:\Windows\SYSTEM32\dhcpcsvc6.DLL
0x74990000 - 0x749a3000 	C:\Windows\SYSTEM32\dhcpcsvc.DLL
0x734c0000 - 0x73605000 	C:\Program Files (x86)\Java\jdk1.8.0_91\jre\bin\awt.dll
0x75560000 - 0x755e7000 	C:\Windows\SYSTEM32\OLEAUT32.dll
0x73ed0000 - 0x73f6a000 	C:\Windows\system32\apphelp.dll
0x741e0000 - 0x741f8000 	C:\Windows\SYSTEM32\CRYPTSP.dll
0x741b0000 - 0x741df000 	C:\Windows\system32\rsaenh.dll
0x74190000 - 0x741ad000 	C:\Windows\SYSTEM32\bcrypt.dll
0x74eb0000 - 0x74ec9000 	C:\Windows\SYSTEM32\USERENV.dll
0x73ea0000 - 0x73eb9000 	C:\Windows\system32\DWMAPI.DLL
0x742e0000 - 0x744c5000 	C:\Windows\WinSxS\x86_microsoft.windows.common-controls_6595b64144ccf1df_6.0.9600.16384_none_a9f4965301334e09\COMCTL32.dll
0x74c60000 - 0x74c70000 	C:\Windows\system32\napinsp.dll
0x74c40000 - 0x74c54000 	C:\Windows\system32\pnrpnsp.dll
0x74c20000 - 0x74c32000 	C:\Windows\system32\NLAapi.dll
0x74b50000 - 0x74bcc000 	C:\Windows\SYSTEM32\DNSAPI.dll
0x74b40000 - 0x74b49000 	C:\Windows\System32\winrnr.dll
0x74b30000 - 0x74b3f000 	C:\Windows\system32\wshbth.dll
0x734b0000 - 0x734b7000 	C:\Windows\System32\rasadhlp.dll
0x73460000 - 0x734a4000 	C:\Windows\System32\fwpuclnt.dll
0x733c0000 - 0x733dd000 	C:\Program Files (x86)\NetBeans 8.2\platform\modules\lib\x86\jnidispatch-422.dll
0x73420000 - 0x73459000 	C:\Program Files (x86)\Java\jdk1.8.0_91\jre\bin\fontmanager.dll
0x733b0000 - 0x733ba000 	C:\Program Files (x86)\Java\jdk1.8.0_91\jre\bin\management.dll
0x73310000 - 0x733a4000 	C:\Windows\SYSTEM32\winhttp.dll
0x733e0000 - 0x73412000 	C:\Program Files (x86)\Java\jdk1.8.0_91\jre\bin\t2k.dll
0x75cd0000 - 0x75d56000 	C:\Windows\WinSxS\x86_microsoft.windows.common-controls_6595b64144ccf1df_5.82.9600.16384_none_7c55c866aa0c3ff0\comctl32.dll
0x75b00000 - 0x75b7d000 	C:\Windows\SYSTEM32\clbcatq.dll
0x731c0000 - 0x7330d000 	C:\Windows\SYSTEM32\WindowsCodecs.dll
0x73190000 - 0x731b4000 	C:\Program Files (x86)\Java\jdk1.8.0_91\jre\bin\dcpr.dll
0x48150000 - 0x48166000 	C:\Program Files (x86)\NetBeans 8.2\ide\modules\lib\extbrowser.dll
0x71890000 - 0x718b6000 	C:\Program Files (x86)\Java\jdk1.8.0_91\jre\bin\jpeg.dll
0x74160000 - 0x74180000 	C:\Program Files (x86)\Java\jdk1.8.0_91\jre\bin\sunec.dll
0x74c90000 - 0x74dd8000 	C:\Windows\SYSTEM32\dbghelp.dll

VM Arguments:
jvm_args: -Dnetbeans.logger.console=true -ea -Xdebug -Xrunjdwp:transport=dt_socket,suspend=y,server=n,address=127.0.0.1:56012 -Djdk.home=C:\Program Files (x86)\Java\jdk1.8.0_91 -splash:F:\JPAM\Module\jCode\build\testuserdir\var\cache\splash.png -Djdk.launcher.addexports.0=java.desktop/sun.awt=ALL-UNNAMED -Djdk.launcher.addexports.1=java.base/jdk.internal.jrtfs=ALL-UNNAMED -Djdk.launcher.addexports.2=java.desktop/java.awt.peer=ALL-UNNAMED -Djdk.launcher.addexports.3=java.desktop/com.sun.beans.editors=ALL-UNNAMED -Djdk.launcher.addexports.3=java.desktop/sun.awt.im=ALL-UNNAMED -Djdk.launcher.addexports.4=java.desktop/com.sun.java.swing.plaf.windows=ALL-UNNAMED -Djdk.launcher.addexports.5=java.management/sun.management=ALL-UNNAMED -Dnetbeans.home=C:\Program Files (x86)\NetBeans 8.2\platform -Dnetbeans.user=F:\JPAM\Module\jCode\build\testuserdir -Dnetbeans.default_userdir_root= -XX:+HeapDumpOnOutOfMemoryError -XX:HeapDumpPath=F:\JPAM\Module\jCode\build\testuserdir\var\log\heapdump.hprof -Dsun.awt.keepWorkingSetOnMinimize=true -Dnetbeans.dirs=F:\JPAM\Module\jCode\build\cluster;C:\Program Files (x86)\NetBeans 8.2\apisupport;C:\Program Files (x86)\NetBeans 8.2\enterprise;C:\Program Files (x86)\NetBeans 8.2\extide;C:\Program Files (x86)\NetBeans 8.2\harness;C:\Program Files (x86)\NetBeans 8.2\ide;C:\Program Files (x86)\NetBeans 8.2\java;C:\Program Files (x86)\NetBeans 8.2\javafx;C:\Program Files (x86)\NetBeans 8.2\nb;C:\Program Files (x86)\NetBeans 8.2\platform;C:\Program Files (x86)\NetBeans 8.2\profiler;C:\Program Files (x86)\NetBeans 8.2\webcommon;C:\Program Files (x86)\NetBeans 8.2\websvccommon;F:\JPAM\Module\jpamodeler\build\cluster;F:\JPAM\Module\NBModeler\build\cluster exit 
java_command: <unknown>
java_class_path (initial): C:\Program Files (x86)\NetBeans 8.2\platform\lib\boot.jar;C:\Program Files (x86)\NetBeans 8.2\platform\lib\org-openide-modules.jar;C:\Program Files (x86)\NetBeans 8.2\platform\lib\org-openide-util-lookup.jar;C:\Program Files (x86)\NetBeans 8.2\platform\lib\org-openide-util-ui.jar;C:\Program Files (x86)\NetBeans 8.2\platform\lib\org-openide-util.jar;C:\Program Files (x86)\NetBeans 8.2\platform\lib\locale\boot_ja.jar;C:\Program Files (x86)\NetBeans 8.2\platform\lib\locale\boot_pt_BR.jar;C:\Program Files (x86)\NetBeans 8.2\platform\lib\locale\boot_ru.jar;C:\Program Files (x86)\NetBeans 8.2\platform\lib\locale\boot_zh_CN.jar;C:\Program Files (x86)\NetBeans 8.2\platform\lib\locale\org-openide-modules_ja.jar;C:\Program Files (x86)\NetBeans 8.2\platform\lib\locale\org-openide-modules_pt_BR.jar;C:\Program Files (x86)\NetBeans 8.2\platform\lib\locale\org-openide-modules_ru.jar;C:\Program Files (x86)\NetBeans 8.2\platform\lib\locale\org-openide-modules_zh_CN.jar;C:\Program Files (x86)\NetBeans 8.2\platform\lib\locale\org-openide-util-lookup_ja.jar;C:\Program Files (x86)\NetBeans 8.2\platform\lib\locale\org-openide-util-lookup_pt_BR.jar;C:\Program Files (x86)\NetBeans 8.2\platform\lib\locale\org-openide-util-lookup_ru.jar;C:\Program Files (x86)\NetBeans 8.2\platform\lib\locale\org-openide-util-lookup_zh_CN.jar;C:\Program Files (x86)\NetBeans 8.2\platform\lib\locale\org-openide-util-ui_ja.jar;C:\Program Files (x86)\NetBeans 8.2\platform\lib\locale\org-openide-util-ui_pt_BR.jar;C:\Program Files (x86)\NetBeans 8.2\platform\lib\locale\org-openide-util-ui_ru.jar;C:\Program Files (x86)\NetBeans 8.2\platform\lib\locale\org-openide-util-ui_zh_CN.jar;C:\Program Files (x86)\NetBeans 8.2\platform\lib\locale\org-openide-util_ja.jar;C:\Program Files (x86)\NetBeans 8.2\platform\lib\locale\org-openide-util_pt_BR.jar;C:\Program Files (x86)\NetBeans 8.2\platform\lib\locale\org-openide-util_ru.jar;C:\Program Files (x86)\NetBeans 8.2\platform\lib\locale\org-openide-u
Launcher Type: generic

Environment Variables:
JAVA_HOME=C:\Program Files (x86)\Java\jdk1.8.0_91
PATH=C:\ProgramData\Oracle\Java\javapath;C:\Windows\system32;C:\Windows;C:\Windows\System32\Wbem;C:\Windows\System32\WindowsPowerShell\v1.0\;C:\Program Files\SourceGear\Common\DiffMerge\;C:\Program Files (x86)\Git\cmd;C:\Program Files\Intel\WiFi\bin\;C:\Program Files\Common Files\Intel\WirelessCommon\;C:\Program Files (x86)\Java\jdk1.8.0_91\bin;C:\apache-maven-3.3.9-bin\apache-maven-3.3.9\bin;C:\Program Files\nodejs\;C:\Program Files (x86)\Skype\Phone\;C:\Program Files\Intel\WiFi\bin\;C:\Program Files\Common Files\Intel\WirelessCommon\;C:\Users\jGauravGupta\AppData\Roaming\npm
USERNAME=jGauravGupta
OS=Windows_NT
PROCESSOR_IDENTIFIER=Intel64 Family 6 Model 61 Stepping 4, GenuineIntel



---------------  S Y S T E M  ---------------

OS: Windows 8.1 , 64 bit Build 9600 (6.3.9600.16656)

CPU:total 4 (2 cores per cpu, 2 threads per core) family 6 model 61 stepping 4, cmov, cx8, fxsr, mmx, sse, sse2, sse3, ssse3, sse4.1, sse4.2, popcnt, avx, avx2, aes, clmul, erms, 3dnowpref, lzcnt, ht, tsc, tscinvbit, bmi1, bmi2, adx

Memory: 4k page, physical 8116404k(2973308k free), swap 9427124k(3372304k free)

vm_info: Java HotSpot(TM) Server VM (25.91-b15) for windows-x86 JRE (1.8.0_91-b15), built on May 20 2016 17:30:54 by "java_re" with MS VC++ 10.0 (VS2010)

time: Sun Nov 27 05:02:38 2016
elapsed time: 655 seconds (0d 0h 10m 55s)

