#
# There is insufficient memory for the Java Runtime Environment to continue.
# Native memory allocation (malloc) failed to allocate 33554440 bytes for Chunk::new
# Possible reasons:
#   The system is out of physical RAM or swap space
#   In 32 bit mode, the process size limit was hit
# Possible solutions:
#   Reduce memory load on the system
#   Increase physical memory or swap space
#   Check if swap backing store is full
#   Use 64 bit Java on a 64 bit OS
#   Decrease Java heap size (-Xmx/-Xms)
#   Decrease number of Java threads
#   Decrease Java thread stack sizes (-Xss)
#   Set larger code cache with -XX:ReservedCodeCacheSize=
# This output file may be truncated or incomplete.
#
#  Out of Memory Error (allocation.cpp:390), pid=5764, tid=5856
#
# JRE version: Java(TM) SE Runtime Environment (8.0_91-b15) (build 1.8.0_91-b15)
# Java VM: Java HotSpot(TM) Server VM (25.91-b15 mixed mode windows-x86 )
# Failed to write core dump. Minidumps are not enabled by default on client versions of Windows
#

---------------  T H R E A D  ---------------

Current thread (0x3ff9dc00):  JavaThread "C2 CompilerThread0" daemon [_thread_in_native, id=5856, stack(0x415f0000,0x417f0000)]

Stack: [0x415f0000,0x417f0000],  sp=0x417ee3a8,  free space=2040k
Native frames: (J=compiled Java code, j=interpreted, Vv=VM code, C=native code)
V  [jvm.dll+0x1bf27b]
V  [jvm.dll+0x1b7b58]
V  [jvm.dll+0x975d1]
V  [jvm.dll+0x97ad7]
V  [jvm.dll+0x39e3fb]
V  [jvm.dll+0x39eb1b]
V  [jvm.dll+0x366770]
V  [jvm.dll+0x36d745]
V  [jvm.dll+0x3728d6]
V  [jvm.dll+0x372ab5]
V  [jvm.dll+0x372a5c]
V  [jvm.dll+0x362d51]
V  [jvm.dll+0x31d515]
V  [jvm.dll+0x3229ee]
V  [jvm.dll+0x32336e]
V  [jvm.dll+0x30cd46]
V  [jvm.dll+0x7a6ba]
V  [jvm.dll+0x7ae6f]
V  [jvm.dll+0x19313c]
V  [jvm.dll+0x19322a]
V  [jvm.dll+0x1d79e6]
C  [MSVCR100.dll+0x10fac]
C  [MSVCR100.dll+0x110b1]
C  [KERNEL32.DLL+0x1495d]
C  [ntdll.dll+0x498ee]
C  [ntdll.dll+0x498c4]
C  0x00000000


Current CompileTask:
C2: 377692 15430       4       nu.validator.htmlparser.impl.TreeBuilder::startTag (6926 bytes)


---------------  P R O C E S S  ---------------

Java Threads: ( => current thread )
  0x5fe3e800 JavaThread "Inactive RequestProcessor thread [Was:org.netbeans.modules.versioning.core.VcsVisibilityQueryImplementation/org.netbeans.modules.versioning.core.VcsVisibilityQueryImplementation$RefreshTask]" daemon [_thread_blocked, id=4772, stack(0x58a10000,0x58c10000)]
  0x4d449400 JavaThread "Inactive RequestProcessor thread [Was:org.netbeans.modules.editor.errorstripe.AnnotationView/org.netbeans.modules.editor.errorstripe.AnnotationView$RepaintTask]" daemon [_thread_blocked, id=6148, stack(0x54ef0000,0x550f0000)]
  0x4d445400 JavaThread "Inactive RequestProcessor thread [Was:Refresh Editor Context/org.netbeans.spi.debugger.ui.EditorContextDispatcher$EditorRegistryListener$1]" daemon [_thread_blocked, id=6132, stack(0x53ca0000,0x53ea0000)]
  0x4712c400 JavaThread "Inactive RequestProcessor thread [Was:Folder recognizer/org.openide.loaders.FolderList$ListTask]" daemon [_thread_blocked, id=7052, stack(0x49370000,0x49570000)]
  0x4712fc00 JavaThread "Inactive RequestProcessor thread [Was:org.netbeans.modules.editor.NbEditorUI/org.netbeans.modules.editor.NbEditorUI$1]" daemon [_thread_blocked, id=3916, stack(0x48590000,0x48790000)]
  0x726a2000 JavaThread "Thread-18" [_thread_blocked, id=2580, stack(0x73850000,0x73a50000)]
  0x7269d400 JavaThread "Inactive RequestProcessor thread [Was:JarFs - modification watcher/org.openide.filesystems.JarFileSystem$2]" daemon [_thread_blocked, id=1284, stack(0x718e0000,0x71ae0000)]
  0x7269e000 JavaThread "Inactive RequestProcessor thread [Was:org.netbeans.modules.parsing.spi.Scheduler/org.netbeans.modules.parsing.spi.Scheduler$1]" daemon [_thread_blocked, id=6296, stack(0x716e0000,0x718e0000)]
  0x7269dc00 JavaThread "Inactive RequestProcessor thread [Was:Timeable Event Queue Watch Dog/org.netbeans.core.TimableEventQueue]" daemon [_thread_blocked, id=6904, stack(0x6d2f0000,0x6d4f0000)]
  0x47132c00 JavaThread "TimerQueue" daemon [_thread_blocked, id=6756, stack(0x4b000000,0x4b200000)]
  0x47130c00 JavaThread "Worker-JM" [_thread_blocked, id=2816, stack(0x4ae00000,0x4b000000)]
  0x4712c800 JavaThread "Deadlock Detector" [_thread_blocked, id=5168, stack(0x4a850000,0x4aa50000)]
  0x4712d000 JavaThread "Thread-4" daemon [_thread_blocked, id=6200, stack(0x4ac00000,0x4ae00000)]
  0x47130000 JavaThread "W32 File Monitor" daemon [_thread_in_native, id=3824, stack(0x4a550000,0x4a750000)]
  0x4712dc00 JavaThread "File Watcher" daemon [_thread_blocked, id=4176, stack(0x4a1d0000,0x4a3d0000)]
  0x4712d400 JavaThread "AWT-EventQueue-0" [_thread_in_Java, id=5612, stack(0x49830000,0x49a30000)]
  0x4712f400 JavaThread "AWT-Shutdown" [_thread_blocked, id=3564, stack(0x495f0000,0x497f0000)]
  0x4712f000 JavaThread "Inactive RequestProcessor thread [Was:AnnotationHolder/org.netbeans.modules.editor.hints.AnnotationHolder$4$2]" daemon [_thread_blocked, id=3968, stack(0x48f30000,0x49130000)]
  0x4712e000 JavaThread "Editor Parsing Loop (201609300101)" daemon [_thread_blocked, id=6072, stack(0x48790000,0x48990000)]
  0x42c67400 JavaThread "Bundle File Closer" daemon [_thread_blocked, id=5356, stack(0x48290000,0x48490000)]
  0x42c67c00 JavaThread "Framework Event Dispatcher" daemon [_thread_blocked, id=4860, stack(0x48090000,0x48290000)]
  0x42c68800 JavaThread "Framework Active Thread" [_thread_blocked, id=6624, stack(0x44220000,0x44420000)]
  0x42c66c00 JavaThread "org.netbeans.modules.debugger.jpda.visual AWT Access Loop" daemon [_thread_blocked, id=5248, stack(0x446e0000,0x448e0000)]
  0x42820000 JavaThread "AWT-Windows" daemon [_thread_in_native, id=364, stack(0x44010000,0x44210000)]
  0x4281a000 JavaThread "Java2D Disposer" daemon [_thread_blocked, id=6636, stack(0x43a90000,0x43c90000)]
  0x427ef800 JavaThread "RequestProcessor queue manager" daemon [_thread_blocked, id=6240, stack(0x43730000,0x43930000)]
  0x427cf800 JavaThread "Inactive RequestProcessor thread [Was:org.netbeans.modules.openfile.RecentFiles/org.netbeans.modules.openfile.RecentFiles$2]" daemon [_thread_blocked, id=4444, stack(0x432b0000,0x434b0000)]
  0x4255d000 JavaThread "CLI Requests Server" daemon [_thread_in_native, id=1464, stack(0x42f70000,0x43170000)]
  0x4249cc00 JavaThread "Active Reference Queue Daemon" daemon [_thread_blocked, id=1216, stack(0x42d30000,0x42f30000)]
  0x4000b000 JavaThread "Service Thread" daemon [_thread_blocked, id=784, stack(0x41cb0000,0x41eb0000)]
  0x3ffb4400 JavaThread "C1 CompilerThread2" daemon [_thread_blocked, id=4544, stack(0x41a70000,0x41c70000)]
  0x3ff9e800 JavaThread "C2 CompilerThread1" daemon [_thread_in_native, id=5916, stack(0x41830000,0x41a30000)]
=>0x3ff9dc00 JavaThread "C2 CompilerThread0" daemon [_thread_in_native, id=5856, stack(0x415f0000,0x417f0000)]
  0x3ff93400 JavaThread "JDWP Command Reader" daemon [_thread_in_native, id=964, stack(0x413b0000,0x415b0000)]
  0x3ff92800 JavaThread "JDWP Event Helper Thread" daemon [_thread_blocked, id=2232, stack(0x41170000,0x41370000)]
  0x3ff88000 JavaThread "JDWP Transport Listener: dt_socket" daemon [_thread_blocked, id=6080, stack(0x40f30000,0x41130000)]
  0x3ff8d800 JavaThread "Attach Listener" daemon [_thread_blocked, id=6008, stack(0x40cf0000,0x40ef0000)]
  0x3ff8ac00 JavaThread "Signal Dispatcher" daemon [_thread_blocked, id=2040, stack(0x40ab0000,0x40cb0000)]
  0x3ff6b000 JavaThread "Finalizer" daemon [_thread_blocked, id=7020, stack(0x404f0000,0x406f0000)]
  0x3ff55c00 JavaThread "Reference Handler" daemon [_thread_blocked, id=1604, stack(0x402b0000,0x404b0000)]
  0x01d10400 JavaThread "main" [_thread_blocked, id=4960, stack(0x00090000,0x00290000)]

Other Threads:
  0x01e0c800 VMThread [stack: 0x40070000,0x40270000] [id=3224]
  0x4000e800 WatcherThread [stack: 0x41ef0000,0x420f0000] [id=4640]

VM state:not at safepoint (normal execution)

VM Mutex/Monitor currently owned by a thread: None

Heap:
 PSYoungGen      total 215040K, used 110160K [0x2eac0000, 0x3d3c0000, 0x3d400000)
  eden space 191232K, 50% used [0x2eac0000,0x349fa158,0x3a580000)
  from space 23808K, 53% used [0x3a580000,0x3b20d828,0x3bcc0000)
  to   space 22784K, 0% used [0x3bd80000,0x3bd80000,0x3d3c0000)
 ParOldGen       total 237824K, used 166751K [0x11800000, 0x20040000, 0x2eac0000)
  object space 237824K, 70% used [0x11800000,0x1bad7df8,0x20040000)
 Metaspace       used 96089K, capacity 103377K, committed 103424K, reserved 103808K

Card table byte_map: [0x3d400000,0x3d560000] byte_map_base: 0x3d374000

Marking Bits: (ParMarkBitMap*) 0x6646b3d0
 Begin Bits: [0x3de50000, 0x3e940000)
 End Bits:   [0x3e940000, 0x3f430000)

Polling page: 0x00440000

CodeCache: size=245760Kb used=86405Kb max_used=88046Kb free=159354Kb
 bounds [0x02290000, 0x07980000, 0x11290000]
 total_blobs=26400 nmethods=26062 adapters=252
 compilation: enabled

Compilation events (10 events):
Event: 377.361 Thread 0x3ffb4400 35619       3       java.awt.Component::isFocusTraversableOverridden (14 bytes)
Event: 377.362 Thread 0x3ffb4400 nmethod 35619 0x035b45c8 code [0x035b46e0, 0x035b4800]
Event: 377.379 Thread 0x3ff9e800 nmethod 35585 0x06b02008 code [0x06b027a0, 0x06b09a54]
Event: 377.379 Thread 0x3ff9e800 35608  s    4       java.util.Hashtable::get (69 bytes)
Event: 377.385 Thread 0x3ff9e800 nmethod 35608 0x06d49608 code [0x06d49720, 0x06d49b90]
Event: 377.385 Thread 0x3ff9e800 35622       4       org.netbeans.modules.visual.router.OrthogonalSearchRouterCore::search (386 bytes)
Event: 377.392 Thread 0x3ffb4400 35627       2       org.netbeans.modules.visual.router.WidgetsCollisionCollector::getWidgets (49 bytes)
Event: 377.393 Thread 0x3ffb4400 nmethod 35627 0x06010248 code [0x06010360, 0x0601052c]
Event: 377.473 Thread 0x3ffb4400 35628       1       org.netbeans.modeler.widget.node.vmd.PNodeWidget::getAnchorGap (5 bytes)
Event: 377.473 Thread 0x3ffb4400 nmethod 35628 0x06b01dc8 code [0x06b01ec0, 0x06b01f60]

GC Heap History (10 events):
Event: 353.401 GC heap before
{Heap before GC invocations=102 (full 5):
 PSYoungGen      total 213248K, used 199177K [0x2eac0000, 0x3d400000, 0x3d400000)
  eden space 190208K, 100% used [0x2eac0000,0x3a480000,0x3a480000)
  from space 23040K, 38% used [0x3bac0000,0x3c3827c8,0x3d140000)
  to   space 22784K, 0% used [0x3a480000,0x3a480000,0x3bac0000)
 ParOldGen       total 237824K, used 163892K [0x11800000, 0x20040000, 0x2eac0000)
  object space 237824K, 68% used [0x11800000,0x1b80d338,0x20040000)
 Metaspace       used 94388K, capacity 101658K, committed 101760K, reserved 101760K
Event: 353.456 GC heap after
Heap after GC invocations=102 (full 5):
 PSYoungGen      total 212992K, used 8628K [0x2eac0000, 0x3d340000, 0x3d400000)
  eden space 190208K, 0% used [0x2eac0000,0x2eac0000,0x3a480000)
  from space 22784K, 37% used [0x3a480000,0x3aced080,0x3bac0000)
  to   space 22528K, 0% used [0x3bd40000,0x3bd40000,0x3d340000)
 ParOldGen       total 237824K, used 164600K [0x11800000, 0x20040000, 0x2eac0000)
  object space 237824K, 69% used [0x11800000,0x1b8be368,0x20040000)
 Metaspace       used 94388K, capacity 101658K, committed 101760K, reserved 101760K
}
Event: 361.653 GC heap before
{Heap before GC invocations=103 (full 5):
 PSYoungGen      total 212992K, used 198836K [0x2eac0000, 0x3d340000, 0x3d400000)
  eden space 190208K, 100% used [0x2eac0000,0x3a480000,0x3a480000)
  from space 22784K, 37% used [0x3a480000,0x3aced080,0x3bac0000)
  to   space 22528K, 0% used [0x3bd40000,0x3bd40000,0x3d340000)
 ParOldGen       total 237824K, used 164600K [0x11800000, 0x20040000, 0x2eac0000)
  object space 237824K, 69% used [0x11800000,0x1b8be368,0x20040000)
 Metaspace       used 94594K, capacity 101887K, committed 101888K, reserved 102784K
Event: 361.682 GC heap after
Heap after GC invocations=103 (full 5):
 PSYoungGen      total 215552K, used 13727K [0x2eac0000, 0x3d2c0000, 0x3d400000)
  eden space 193536K, 0% used [0x2eac0000,0x2eac0000,0x3a7c0000)
  from space 22016K, 62% used [0x3bd40000,0x3caa7df8,0x3d2c0000)
  to   space 22016K, 0% used [0x3a7c0000,0x3a7c0000,0x3bd40000)
 ParOldGen       total 237824K, used 165261K [0x11800000, 0x20040000, 0x2eac0000)
  object space 237824K, 69% used [0x11800000,0x1b963588,0x20040000)
 Metaspace       used 94594K, capacity 101887K, committed 101888K, reserved 102784K
}
Event: 368.541 GC heap before
{Heap before GC invocations=104 (full 5):
 PSYoungGen      total 215552K, used 207263K [0x2eac0000, 0x3d2c0000, 0x3d400000)
  eden space 193536K, 100% used [0x2eac0000,0x3a7c0000,0x3a7c0000)
  from space 22016K, 62% used [0x3bd40000,0x3caa7df8,0x3d2c0000)
  to   space 22016K, 0% used [0x3a7c0000,0x3a7c0000,0x3bd40000)
 ParOldGen       total 237824K, used 165261K [0x11800000, 0x20040000, 0x2eac0000)
  object space 237824K, 69% used [0x11800000,0x1b963588,0x20040000)
 Metaspace       used 95945K, capacity 103304K, committed 103424K, reserved 103808K
Event: 368.595 GC heap after
Heap after GC invocations=104 (full 5):
 PSYoungGen      total 215552K, used 14936K [0x2eac0000, 0x3d400000, 0x3d400000)
  eden space 193536K, 0% used [0x2eac0000,0x2eac0000,0x3a7c0000)
  from space 22016K, 67% used [0x3a7c0000,0x3b656090,0x3bd40000)
  to   space 22016K, 0% used [0x3be80000,0x3be80000,0x3d400000)
 ParOldGen       total 237824K, used 165573K [0x11800000, 0x20040000, 0x2eac0000)
  object space 237824K, 69% used [0x11800000,0x1b9b1598,0x20040000)
 Metaspace       used 95945K, capacity 103304K, committed 103424K, reserved 103808K
}
Event: 370.606 GC heap before
{Heap before GC invocations=105 (full 5):
 PSYoungGen      total 215552K, used 208472K [0x2eac0000, 0x3d400000, 0x3d400000)
  eden space 193536K, 100% used [0x2eac0000,0x3a7c0000,0x3a7c0000)
  from space 22016K, 67% used [0x3a7c0000,0x3b656090,0x3bd40000)
  to   space 22016K, 0% used [0x3be80000,0x3be80000,0x3d400000)
 ParOldGen       total 237824K, used 165573K [0x11800000, 0x20040000, 0x2eac0000)
  object space 237824K, 69% used [0x11800000,0x1b9b1598,0x20040000)
 Metaspace       used 95998K, capacity 103370K, committed 103424K, reserved 103808K
Event: 370.655 GC heap after
Heap after GC invocations=105 (full 5):
 PSYoungGen      total 213248K, used 19873K [0x2eac0000, 0x3d400000, 0x3d400000)
  eden space 191232K, 0% used [0x2eac0000,0x2eac0000,0x3a580000)
  from space 22016K, 90% used [0x3be80000,0x3d1e85d0,0x3d400000)
  to   space 23808K, 0% used [0x3a580000,0x3a580000,0x3bcc0000)
 ParOldGen       total 237824K, used 166435K [0x11800000, 0x20040000, 0x2eac0000)
  object space 237824K, 69% used [0x11800000,0x1ba88df8,0x20040000)
 Metaspace       used 95998K, capacity 103370K, committed 103424K, reserved 103808K
}
Event: 375.324 GC heap before
{Heap before GC invocations=106 (full 5):
 PSYoungGen      total 213248K, used 211105K [0x2eac0000, 0x3d400000, 0x3d400000)
  eden space 191232K, 100% used [0x2eac0000,0x3a580000,0x3a580000)
  from space 22016K, 90% used [0x3be80000,0x3d1e85d0,0x3d400000)
  to   space 23808K, 0% used [0x3a580000,0x3a580000,0x3bcc0000)
 ParOldGen       total 237824K, used 166435K [0x11800000, 0x20040000, 0x2eac0000)
  object space 237824K, 69% used [0x11800000,0x1ba88df8,0x20040000)
 Metaspace       used 96052K, capacity 103372K, committed 103424K, reserved 103808K
Event: 375.382 GC heap after
Heap after GC invocations=106 (full 5):
 PSYoungGen      total 215040K, used 12854K [0x2eac0000, 0x3d3c0000, 0x3d400000)
  eden space 191232K, 0% used [0x2eac0000,0x2eac0000,0x3a580000)
  from space 23808K, 53% used [0x3a580000,0x3b20d828,0x3bcc0000)
  to   space 22784K, 0% used [0x3bd80000,0x3bd80000,0x3d3c0000)
 ParOldGen       total 237824K, used 166751K [0x11800000, 0x20040000, 0x2eac0000)
  object space 237824K, 70% used [0x11800000,0x1bad7df8,0x20040000)
 Metaspace       used 96052K, capacity 103372K, committed 103424K, reserved 103808K
}

Deoptimization events (10 events):
Event: 367.932 Thread 0x4d449400 Uncommon trap: reason=bimorphic action=maybe_recompile pc=0x0659b764 method=com.sun.tools.javac.parser.JavacParser.toP(Lcom/sun/tools/javac/tree/JCTree;)Lcom/sun/tools/javac/tree/JCTree; @ 5
Event: 367.932 Thread 0x4d449400 Uncommon trap: reason=bimorphic action=maybe_recompile pc=0x07529390 method=com.sun.tools.javac.parser.JavacParser.toP(Lcom/sun/tools/javac/tree/JCTree;)Lcom/sun/tools/javac/tree/JCTree; @ 5
Event: 367.933 Thread 0x4d449400 Uncommon trap: reason=bimorphic action=maybe_recompile pc=0x06c99fec method=com.sun.tools.javac.parser.JavacParser.toP(Lcom/sun/tools/javac/tree/JCTree;)Lcom/sun/tools/javac/tree/JCTree; @ 5
Event: 367.937 Thread 0x4d449400 Uncommon trap: reason=null_check action=make_not_entrant pc=0x073b582c method=com.sun.tools.javac.parser.JavacParser$SimpleEndPosTable.storeEnd(Lcom/sun/tools/javac/tree/JCTree;I)V @ 1
Event: 367.937 Thread 0x4d449400 Uncommon trap: reason=unstable_if action=reinterpret pc=0x073c449c method=org.netbeans.lib.nbjavac.services.NBParserFactory$NBJavacParser$EndPosTableImpl.storeEnd(Lcom/sun/tools/javac/tree/JCTree;I)V @ 1
Event: 368.015 Thread 0x4d449400 Uncommon trap: reason=unstable_if action=reinterpret pc=0x075b3830 method=com.sun.tools.javac.comp.Resolve.isAccessible(Lcom/sun/tools/javac/comp/Env;Lcom/sun/tools/javac/code/Type;Lcom/sun/tools/javac/code/Symbol;Z)Z @ 111
Event: 369.895 Thread 0x4712e000 Uncommon trap: reason=range_check action=make_not_entrant pc=0x05dcd9c8 method=org.apache.lucene.util.PriorityQueue.downHeap()V @ 7
Event: 372.613 Thread 0x4712e000 Uncommon trap: reason=unstable_if action=reinterpret pc=0x02f6fca0 method=java.util.concurrent.locks.ReentrantLock$Sync.nonfairTryAcquire(I)Z @ 19
Event: 373.263 Thread 0x4712d400 Uncommon trap: reason=unstable_if action=reinterpret pc=0x025febc0 method=java.util.Hashtable.get(Ljava/lang/Object;)Ljava/lang/Object; @ 48
Event: 373.336 Thread 0x427cf800 Uncommon trap: reason=unstable_if action=reinterpret pc=0x04b84098 method=java.util.ArrayList.remove(Ljava/lang/Object;)Z @ 1

Internal exceptions (10 events):
Event: 376.979 Thread 0x4712e000 Exception <a 'sun/nio/fs/WindowsException'> (0x3386ee68) thrown at [C:\re\workspace\8-2-build-windows-i586-cygwin\jdk8u91\7017\hotspot\src\share\vm\prims\jni.cpp, line 709]
Event: 376.980 Thread 0x4712e000 Exception <a 'sun/nio/fs/WindowsException'> (0x33873070) thrown at [C:\re\workspace\8-2-build-windows-i586-cygwin\jdk8u91\7017\hotspot\src\share\vm\prims\jni.cpp, line 709]
Event: 376.981 Thread 0x4712e000 Exception <a 'sun/nio/fs/WindowsException'> (0x33876e40) thrown at [C:\re\workspace\8-2-build-windows-i586-cygwin\jdk8u91\7017\hotspot\src\share\vm\prims\jni.cpp, line 709]
Event: 376.981 Thread 0x4712e000 Exception <a 'sun/nio/fs/WindowsException'> (0x3387a868) thrown at [C:\re\workspace\8-2-build-windows-i586-cygwin\jdk8u91\7017\hotspot\src\share\vm\prims\jni.cpp, line 709]
Event: 376.982 Thread 0x4712e000 Exception <a 'sun/nio/fs/WindowsException'> (0x3387dec8) thrown at [C:\re\workspace\8-2-build-windows-i586-cygwin\jdk8u91\7017\hotspot\src\share\vm\prims\jni.cpp, line 709]
Event: 376.982 Thread 0x4712e000 Exception <a 'sun/nio/fs/WindowsException'> (0x33881ab0) thrown at [C:\re\workspace\8-2-build-windows-i586-cygwin\jdk8u91\7017\hotspot\src\share\vm\prims\jni.cpp, line 709]
Event: 376.983 Thread 0x4712e000 Exception <a 'sun/nio/fs/WindowsException'> (0x338854b8) thrown at [C:\re\workspace\8-2-build-windows-i586-cygwin\jdk8u91\7017\hotspot\src\share\vm\prims\jni.cpp, line 709]
Event: 376.983 Thread 0x4712e000 Exception <a 'sun/nio/fs/WindowsException'> (0x33888d40) thrown at [C:\re\workspace\8-2-build-windows-i586-cygwin\jdk8u91\7017\hotspot\src\share\vm\prims\jni.cpp, line 709]
Event: 376.984 Thread 0x4712e000 Exception <a 'sun/nio/fs/WindowsException'> (0x3388c538) thrown at [C:\re\workspace\8-2-build-windows-i586-cygwin\jdk8u91\7017\hotspot\src\share\vm\prims\jni.cpp, line 709]
Event: 376.996 Thread 0x4712e000 Exception <a 'sun/nio/fs/WindowsException'> (0x33a66860) thrown at [C:\re\workspace\8-2-build-windows-i586-cygwin\jdk8u91\7017\hotspot\src\share\vm\prims\jni.cpp, line 709]

Events (10 events):
Event: 377.300 Thread 0x4d449400 DEOPT PACKING pc=0x03ecb2ac sp=0x550ef380
Event: 377.300 Thread 0x4d449400 DEOPT UNPACKING pc=0x022cc82b sp=0x550ef250 mode 1
Event: 377.300 Thread 0x4d449400 DEOPT PACKING pc=0x033f5d10 sp=0x550ef450
Event: 377.300 Thread 0x4d449400 DEOPT UNPACKING pc=0x022cc82b sp=0x550ef35c mode 1
Event: 377.301 Thread 0x4d449400 DEOPT PACKING pc=0x0286a93c sp=0x550ef780
Event: 377.301 Thread 0x4d449400 DEOPT UNPACKING pc=0x022cc82b sp=0x550ef5ec mode 1
Event: 377.353 Thread 0x4712d400 DEOPT PACKING pc=0x02dee2dc sp=0x49a2e360
Event: 377.353 Thread 0x4712d400 DEOPT UNPACKING pc=0x022cc82b sp=0x49a2e244 mode 1
Event: 377.354 Thread 0x4712d400 DEOPT PACKING pc=0x0324e730 sp=0x49a2e3e0
Event: 377.354 Thread 0x4712d400 DEOPT UNPACKING pc=0x022cc82b sp=0x49a2e254 mode 1


Dynamic libraries:
0x00400000 - 0x0042f000 	C:\Program Files (x86)\NetBeans 8.2\platform\lib\nbexec.exe
0x774c0000 - 0x77628000 	C:\Windows\SYSTEM32\ntdll.dll
0x75930000 - 0x75a70000 	C:\Windows\SYSTEM32\KERNEL32.DLL
0x772e0000 - 0x773af000 	C:\Windows\SYSTEM32\KERNELBASE.dll
0x758b0000 - 0x75927000 	C:\Windows\SYSTEM32\ADVAPI32.DLL
0x770e0000 - 0x7719e000 	C:\Windows\SYSTEM32\msvcrt.dll
0x76f00000 - 0x77050000 	C:\Windows\SYSTEM32\USER32.dll
0x773b0000 - 0x773ee000 	C:\Windows\SYSTEM32\sechost.dll
0x77220000 - 0x772d1000 	C:\Windows\SYSTEM32\RPCRT4.dll
0x75450000 - 0x75558000 	C:\Windows\SYSTEM32\GDI32.dll
0x74ef0000 - 0x74f0d000 	C:\Windows\SYSTEM32\SspiCli.dll
0x74ee0000 - 0x74ee9000 	C:\Windows\SYSTEM32\CRYPTBASE.dll
0x74e80000 - 0x74ed1000 	C:\Windows\SYSTEM32\bcryptPrimitives.dll
0x76ed0000 - 0x76ef5000 	C:\Windows\system32\IMM32.DLL
0x751c0000 - 0x752b7000 	C:\Windows\SYSTEM32\MSCTF.dll
0x73240000 - 0x732a5000 	C:\Program Files (x86)\NetBeans 8.2\platform\lib\nbexec.dll
0x65ec0000 - 0x664de000 	C:\Program Files (x86)\Java\jdk1.8.0_91\jre\bin\server\jvm.dll
0x74a00000 - 0x74a08000 	C:\Windows\SYSTEM32\WSOCK32.dll
0x673b0000 - 0x673d0000 	C:\Windows\SYSTEM32\WINMM.dll
0x74db0000 - 0x74db8000 	C:\Windows\SYSTEM32\VERSION.dll
0x75b50000 - 0x75b56000 	C:\Windows\SYSTEM32\PSAPI.DLL
0x72d70000 - 0x72e2d000 	C:\Program Files (x86)\Java\jdk1.8.0_91\jre\bin\MSVCR100.dll
0x75a70000 - 0x75abd000 	C:\Windows\SYSTEM32\WS2_32.dll
0x67390000 - 0x673b0000 	C:\Windows\SYSTEM32\WINMMBASE.dll
0x75cd0000 - 0x75cd7000 	C:\Windows\SYSTEM32\NSI.dll
0x76e90000 - 0x76eca000 	C:\Windows\SYSTEM32\cfgmgr32.dll
0x74b50000 - 0x74b6f000 	C:\Windows\SYSTEM32\DEVOBJ.dll
0x736e0000 - 0x73711000 	C:\Program Files (x86)\Java\jdk1.8.0_91\jre\bin\splashscreen.dll
0x741b0000 - 0x7428c000 	C:\Windows\system32\uxtheme.dll
0x75b80000 - 0x75cce000 	C:\Windows\SYSTEM32\combase.dll
0x74980000 - 0x7498c000 	C:\Program Files (x86)\Java\jdk1.8.0_91\jre\bin\verify.dll
0x73210000 - 0x73231000 	C:\Program Files (x86)\Java\jdk1.8.0_91\jre\bin\java.dll
0x73bc0000 - 0x73be9000 	C:\Program Files (x86)\Java\jdk1.8.0_91\jre\bin\jdwp.dll
0x73bb0000 - 0x73bb7000 	C:\Program Files (x86)\Java\jdk1.8.0_91\jre\bin\npt.dll
0x731f0000 - 0x73203000 	C:\Program Files (x86)\Java\jdk1.8.0_91\jre\bin\zip.dll
0x75560000 - 0x7566b000 	C:\Windows\system32\ole32.dll
0x74dc0000 - 0x74dc9000 	C:\Windows\SYSTEM32\kernel.appcore.dll
0x75ce0000 - 0x76e84000 	C:\Windows\SYSTEM32\SHELL32.dll
0x77090000 - 0x770d1000 	C:\Windows\SYSTEM32\SHLWAPI.dll
0x74cd0000 - 0x74d47000 	C:\Windows\SYSTEM32\SHCORE.dll
0x74d60000 - 0x74d6e000 	C:\Windows\SYSTEM32\profapi.dll
0x73840000 - 0x73848000 	C:\Program Files (x86)\Java\jdk1.8.0_91\jre\bin\dt_socket.dll
0x74b40000 - 0x74b50000 	C:\Windows\system32\napinsp.dll
0x74b20000 - 0x74b34000 	C:\Windows\system32\pnrpnsp.dll
0x74b00000 - 0x74b12000 	C:\Windows\system32\NLAapi.dll
0x74ab0000 - 0x74af5000 	C:\Windows\System32\mswsock.dll
0x74a30000 - 0x74aac000 	C:\Windows\SYSTEM32\DNSAPI.dll
0x74a20000 - 0x74a29000 	C:\Windows\System32\winrnr.dll
0x74a10000 - 0x74a1f000 	C:\Windows\system32\wshbth.dll
0x74d70000 - 0x74d8e000 	C:\Windows\SYSTEM32\IPHLPAPI.DLL
0x74d50000 - 0x74d58000 	C:\Windows\SYSTEM32\WINNSI.DLL
0x73b50000 - 0x73b94000 	C:\Windows\System32\fwpuclnt.dll
0x74800000 - 0x74807000 	C:\Windows\System32\rasadhlp.dll
0x73030000 - 0x73046000 	C:\Program Files (x86)\Java\jdk1.8.0_91\jre\bin\net.dll
0x74290000 - 0x7429f000 	C:\Program Files (x86)\Java\jdk1.8.0_91\jre\bin\nio.dll
0x747e0000 - 0x747f2000 	C:\Windows\SYSTEM32\dhcpcsvc6.DLL
0x73b30000 - 0x73b43000 	C:\Windows\SYSTEM32\dhcpcsvc.DLL
0x664e0000 - 0x66625000 	C:\Program Files (x86)\Java\jdk1.8.0_91\jre\bin\awt.dll
0x75130000 - 0x751b7000 	C:\Windows\SYSTEM32\OLEAUT32.dll
0x74820000 - 0x748ba000 	C:\Windows\system32\apphelp.dll
0x749e0000 - 0x749f8000 	C:\Windows\SYSTEM32\CRYPTSP.dll
0x749b0000 - 0x749df000 	C:\Windows\system32\rsaenh.dll
0x74990000 - 0x749ad000 	C:\Windows\SYSTEM32\bcrypt.dll
0x74d90000 - 0x74da9000 	C:\Windows\SYSTEM32\USERENV.dll
0x73790000 - 0x737a9000 	C:\Windows\system32\DWMAPI.DLL
0x745d0000 - 0x747b5000 	C:\Windows\WinSxS\x86_microsoft.windows.common-controls_6595b64144ccf1df_6.0.9600.16384_none_a9f4965301334e09\COMCTL32.dll
0x72ff0000 - 0x73029000 	C:\Program Files (x86)\Java\jdk1.8.0_91\jre\bin\fontmanager.dll
0x72bc0000 - 0x72bf2000 	C:\Program Files (x86)\Java\jdk1.8.0_91\jre\bin\t2k.dll
0x72fd0000 - 0x72fed000 	C:\Program Files (x86)\NetBeans 8.2\platform\modules\lib\x86\jnidispatch-422.dll
0x73ba0000 - 0x73baa000 	C:\Program Files (x86)\Java\jdk1.8.0_91\jre\bin\management.dll
0x73140000 - 0x731d4000 	C:\Windows\SYSTEM32\winhttp.dll
0x771a0000 - 0x7721d000 	C:\Windows\SYSTEM32\clbcatq.dll
0x73590000 - 0x736dd000 	C:\Windows\SYSTEM32\WindowsCodecs.dll
0x72b90000 - 0x72bb4000 	C:\Program Files (x86)\Java\jdk1.8.0_91\jre\bin\dcpr.dll
0x75ac0000 - 0x75b46000 	C:\Windows\WinSxS\x86_microsoft.windows.common-controls_6595b64144ccf1df_5.82.9600.16384_none_7c55c866aa0c3ff0\comctl32.dll
0x02020000 - 0x02036000 	C:\Program Files (x86)\NetBeans 8.2\ide\modules\lib\extbrowser.dll
0x74b70000 - 0x74cb8000 	C:\Windows\SYSTEM32\dbghelp.dll

VM Arguments:
jvm_args: -Dnetbeans.logger.console=true -ea -Xdebug -Xrunjdwp:transport=dt_socket,suspend=y,server=n,address=java:55858 -Djdk.home=C:\Program Files (x86)\Java\jdk1.8.0_91 -splash:F:\JPAM\Module\jCode\build\testuserdir\var\cache\splash.png -Djdk.launcher.addexports.0=java.desktop/sun.awt=ALL-UNNAMED -Djdk.launcher.addexports.1=java.base/jdk.internal.jrtfs=ALL-UNNAMED -Djdk.launcher.addexports.2=java.desktop/java.awt.peer=ALL-UNNAMED -Djdk.launcher.addexports.3=java.desktop/com.sun.beans.editors=ALL-UNNAMED -Djdk.launcher.addexports.3=java.desktop/sun.awt.im=ALL-UNNAMED -Djdk.launcher.addexports.4=java.desktop/com.sun.java.swing.plaf.windows=ALL-UNNAMED -Djdk.launcher.addexports.5=java.management/sun.management=ALL-UNNAMED -Dnetbeans.home=C:\Program Files (x86)\NetBeans 8.2\platform -Dnetbeans.user=F:\JPAM\Module\jCode\build\testuserdir -Dnetbeans.default_userdir_root= -XX:+HeapDumpOnOutOfMemoryError -XX:HeapDumpPath=F:\JPAM\Module\jCode\build\testuserdir\var\log\heapdump.hprof -Dsun.awt.keepWorkingSetOnMinimize=true -Dnetbeans.dirs=F:\JPAM\Module\jCode\build\cluster;C:\Program Files (x86)\NetBeans 8.2\apisupport;C:\Program Files (x86)\NetBeans 8.2\enterprise;C:\Program Files (x86)\NetBeans 8.2\extide;C:\Program Files (x86)\NetBeans 8.2\harness;C:\Program Files (x86)\NetBeans 8.2\ide;C:\Program Files (x86)\NetBeans 8.2\java;C:\Program Files (x86)\NetBeans 8.2\javafx;C:\Program Files (x86)\NetBeans 8.2\nb;C:\Program Files (x86)\NetBeans 8.2\platform;C:\Program Files (x86)\NetBeans 8.2\profiler;C:\Program Files (x86)\NetBeans 8.2\webcommon;C:\Program Files (x86)\NetBeans 8.2\websvccommon;F:\JPAM\Module\jpamodeler\build\cluster;F:\JPAM\Module\NBModeler\build\cluster exit 
java_command: <unknown>
java_class_path (initial): C:\Program Files (x86)\NetBeans 8.2\platform\lib\boot.jar;C:\Program Files (x86)\NetBeans 8.2\platform\lib\org-openide-modules.jar;C:\Program Files (x86)\NetBeans 8.2\platform\lib\org-openide-util-lookup.jar;C:\Program Files (x86)\NetBeans 8.2\platform\lib\org-openide-util-ui.jar;C:\Program Files (x86)\NetBeans 8.2\platform\lib\org-openide-util.jar;C:\Program Files (x86)\NetBeans 8.2\platform\lib\locale\boot_ja.jar;C:\Program Files (x86)\NetBeans 8.2\platform\lib\locale\boot_pt_BR.jar;C:\Program Files (x86)\NetBeans 8.2\platform\lib\locale\boot_ru.jar;C:\Program Files (x86)\NetBeans 8.2\platform\lib\locale\boot_zh_CN.jar;C:\Program Files (x86)\NetBeans 8.2\platform\lib\locale\org-openide-modules_ja.jar;C:\Program Files (x86)\NetBeans 8.2\platform\lib\locale\org-openide-modules_pt_BR.jar;C:\Program Files (x86)\NetBeans 8.2\platform\lib\locale\org-openide-modules_ru.jar;C:\Program Files (x86)\NetBeans 8.2\platform\lib\locale\org-openide-modules_zh_CN.jar;C:\Program Files (x86)\NetBeans 8.2\platform\lib\locale\org-openide-util-lookup_ja.jar;C:\Program Files (x86)\NetBeans 8.2\platform\lib\locale\org-openide-util-lookup_pt_BR.jar;C:\Program Files (x86)\NetBeans 8.2\platform\lib\locale\org-openide-util-lookup_ru.jar;C:\Program Files (x86)\NetBeans 8.2\platform\lib\locale\org-openide-util-lookup_zh_CN.jar;C:\Program Files (x86)\NetBeans 8.2\platform\lib\locale\org-openide-util-ui_ja.jar;C:\Program Files (x86)\NetBeans 8.2\platform\lib\locale\org-openide-util-ui_pt_BR.jar;C:\Program Files (x86)\NetBeans 8.2\platform\lib\locale\org-openide-util-ui_ru.jar;C:\Program Files (x86)\NetBeans 8.2\platform\lib\locale\org-openide-util-ui_zh_CN.jar;C:\Program Files (x86)\NetBeans 8.2\platform\lib\locale\org-openide-util_ja.jar;C:\Program Files (x86)\NetBeans 8.2\platform\lib\locale\org-openide-util_pt_BR.jar;C:\Program Files (x86)\NetBeans 8.2\platform\lib\locale\org-openide-util_ru.jar;C:\Program Files (x86)\NetBeans 8.2\platform\lib\locale\org-openide-u
Launcher Type: generic

Environment Variables:
JAVA_HOME=C:\Program Files (x86)\Java\jdk1.8.0_91
PATH=C:\ProgramData\Oracle\Java\javapath;C:\Windows\system32;C:\Windows;C:\Windows\System32\Wbem;C:\Windows\System32\WindowsPowerShell\v1.0\;C:\Program Files\SourceGear\Common\DiffMerge\;C:\Program Files (x86)\Git\cmd;C:\Program Files\Intel\WiFi\bin\;C:\Program Files\Common Files\Intel\WirelessCommon\;C:\Program Files (x86)\Java\jdk1.8.0_91\bin;C:\apache-maven-3.3.9-bin\apache-maven-3.3.9\bin;C:\Program Files\nodejs\;C:\Program Files (x86)\Skype\Phone\;C:\Program Files\Intel\WiFi\bin\;C:\Program Files\Common Files\Intel\WirelessCommon\;C:\Users\jGauravGupta\AppData\Roaming\npm
USERNAME=jGauravGupta
OS=Windows_NT
PROCESSOR_IDENTIFIER=Intel64 Family 6 Model 61 Stepping 4, GenuineIntel



---------------  S Y S T E M  ---------------

OS: Windows 8.1 , 64 bit Build 9600 (6.3.9600.16656)

CPU:total 4 (2 cores per cpu, 2 threads per core) family 6 model 61 stepping 4, cmov, cx8, fxsr, mmx, sse, sse2, sse3, ssse3, sse4.1, sse4.2, popcnt, avx, avx2, aes, clmul, erms, 3dnowpref, lzcnt, ht, tsc, tscinvbit, bmi1, bmi2, adx

Memory: 4k page, physical 8116404k(2619704k free), swap 9427124k(3080676k free)

vm_info: Java HotSpot(TM) Server VM (25.91-b15) for windows-x86 JRE (1.8.0_91-b15), built on May 20 2016 17:30:54 by "java_re" with MS VC++ 10.0 (VS2010)

time: Tue Dec 06 11:08:36 2016
elapsed time: 377 seconds (0d 0h 6m 17s)

